c:\users\isira\documents\project_2\debug\repository.bsc
c:\users\isira\documents\project_2\repository\debug\vc120.pdb
c:\users\isira\documents\project_2\repository\debug\vc120.idb
c:\users\isira\documents\project_2\repository\debug\repository.sbr
c:\users\isira\documents\project_2\repository\debug\repository.obj
c:\users\isira\documents\project_2\debug\repository.ilk
c:\users\isira\documents\project_2\debug\repository.exe
c:\users\isira\documents\project_2\debug\repository.pdb
c:\users\isira\documents\repository\xmldocument\repository\debug\repository.obj
c:\users\isira\documents\repository\xmldocument\repository\debug\vc120.idb
c:\users\isira\documents\repository\xmldocument\repository\debug\vc120.pdb
c:\users\isira\documents\repository\xmldocument\repository\debug\repository.sbr
c:\users\isira\documents\repository\xmldocument\debug\repository.pdb
c:\users\isira\documents\repository\xmldocument\debug\repository.exe
c:\users\isira\documents\repository\xmldocument\debug\repository.bsc
c:\users\isira\documents\repository\xmldocument\debug\repository.ilk
c:\users\isira\documents\repository\xmldocument\repository\debug\repository.tlog\bscmake.command.1.tlog
c:\users\isira\documents\repository\xmldocument\repository\debug\repository.tlog\bscmake.read.1.tlog
c:\users\isira\documents\repository\xmldocument\repository\debug\repository.tlog\bscmake.write.1.tlog
c:\users\isira\documents\repository\xmldocument\repository\debug\repository.tlog\cl.command.1.tlog
c:\users\isira\documents\repository\xmldocument\repository\debug\repository.tlog\cl.read.1.tlog
c:\users\isira\documents\repository\xmldocument\repository\debug\repository.tlog\cl.write.1.tlog
c:\users\isira\documents\repository\xmldocument\repository\debug\repository.tlog\link.command.1.tlog
c:\users\isira\documents\repository\xmldocument\repository\debug\repository.tlog\link.read.1.tlog
c:\users\isira\documents\repository\xmldocument\repository\debug\repository.tlog\link.write.1.tlog
