c:\users\isira\documents\project_2\debug\xmldocument.bsc
c:\users\isira\documents\repository\xmldocument\debug\xmldocument.bsc
c:\users\isira\documents\project_2\xmldocument\debug\vc120.pdb
c:\users\isira\documents\project_2\xmldocument\debug\vc120.idb
c:\users\isira\documents\project_2\xmldocument\debug\xmldocument.sbr
c:\users\isira\documents\project_2\xmldocument\debug\xmlparser.sbr
c:\users\isira\documents\project_2\xmldocument\debug\rules.sbr
c:\users\isira\documents\project_2\xmldocument\debug\actions.sbr
c:\users\isira\documents\project_2\xmldocument\debug\xmlelement.sbr
c:\users\isira\documents\project_2\xmldocument\debug\xmlelementparts.sbr
c:\users\isira\documents\project_2\xmldocument\debug\tokenizer.sbr
c:\users\isira\documents\project_2\xmldocument\debug\repository.sbr
c:\users\isira\documents\project_2\xmldocument\debug\visitors.sbr
c:\users\isira\documents\project_2\xmldocument\debug\visitors.obj
c:\users\isira\documents\project_2\xmldocument\debug\repository.obj
c:\users\isira\documents\project_2\xmldocument\debug\tokenizer.obj
c:\users\isira\documents\project_2\xmldocument\debug\xmlelementparts.obj
c:\users\isira\documents\project_2\xmldocument\debug\xmlelement.obj
c:\users\isira\documents\project_2\xmldocument\debug\actions.obj
c:\users\isira\documents\project_2\xmldocument\debug\rules.obj
c:\users\isira\documents\project_2\xmldocument\debug\xmlparser.obj
c:\users\isira\documents\project_2\xmldocument\debug\xmldocument.obj
c:\users\isira\documents\repository\xmldocument\xmldocument\debug\vc120.pdb
c:\users\isira\documents\repository\xmldocument\xmldocument\debug\vc120.idb
c:\users\isira\documents\repository\xmldocument\xmldocument\debug\xmldocument.sbr
c:\users\isira\documents\repository\xmldocument\xmldocument\debug\xmlparser.sbr
c:\users\isira\documents\repository\xmldocument\xmldocument\debug\rules.sbr
c:\users\isira\documents\repository\xmldocument\xmldocument\debug\actions.sbr
c:\users\isira\documents\repository\xmldocument\xmldocument\debug\xmlelement.sbr
c:\users\isira\documents\repository\xmldocument\xmldocument\debug\xmlelementparts.sbr
c:\users\isira\documents\repository\xmldocument\xmldocument\debug\tokenizer.sbr
c:\users\isira\documents\repository\xmldocument\xmldocument\debug\repository.sbr
c:\users\isira\documents\repository\xmldocument\xmldocument\debug\visitors.sbr
c:\users\isira\documents\repository\xmldocument\xmldocument\debug\visitors.obj
c:\users\isira\documents\repository\xmldocument\xmldocument\debug\repository.obj
c:\users\isira\documents\repository\xmldocument\xmldocument\debug\tokenizer.obj
c:\users\isira\documents\repository\xmldocument\xmldocument\debug\xmlelementparts.obj
c:\users\isira\documents\repository\xmldocument\xmldocument\debug\xmlelement.obj
c:\users\isira\documents\repository\xmldocument\xmldocument\debug\actions.obj
c:\users\isira\documents\repository\xmldocument\xmldocument\debug\rules.obj
c:\users\isira\documents\repository\xmldocument\xmldocument\debug\xmlparser.obj
c:\users\isira\documents\repository\xmldocument\xmldocument\debug\xmldocument.obj
c:\users\isira\documents\project_2\debug\xmldocument.ilk
c:\users\isira\documents\project_2\debug\xmldocument.exe
c:\users\isira\documents\project_2\debug\xmldocument.pdb
c:\users\isira\documents\repository\xmldocument\debug\xmldocument.ilk
c:\users\isira\documents\repository\xmldocument\debug\xmldocument.exe
c:\users\isira\documents\repository\xmldocument\debug\xmldocument.pdb
c:\users\isira\documents\repository\xmldocument\xmldocument\debug\xmldocument.tlog\bscmake.command.1.tlog
c:\users\isira\documents\repository\xmldocument\xmldocument\debug\xmldocument.tlog\bscmake.read.1.tlog
c:\users\isira\documents\repository\xmldocument\xmldocument\debug\xmldocument.tlog\bscmake.write.1.tlog
c:\users\isira\documents\repository\xmldocument\xmldocument\debug\xmldocument.tlog\cl.command.1.tlog
c:\users\isira\documents\repository\xmldocument\xmldocument\debug\xmldocument.tlog\cl.read.1.tlog
c:\users\isira\documents\repository\xmldocument\xmldocument\debug\xmldocument.tlog\cl.write.1.tlog
c:\users\isira\documents\repository\xmldocument\xmldocument\debug\xmldocument.tlog\link.command.1.tlog
c:\users\isira\documents\repository\xmldocument\xmldocument\debug\xmldocument.tlog\link.read.1.tlog
c:\users\isira\documents\repository\xmldocument\xmldocument\debug\xmldocument.tlog\link.write.1.tlog
