c:\users\isira\documents\project_2\debug\xmlparser.bsc
c:\users\isira\documents\project_2\xmlparser\debug\vc120.pdb
c:\users\isira\documents\project_2\xmlparser\debug\vc120.idb
c:\users\isira\documents\project_2\xmlparser\debug\xmlparser.sbr
c:\users\isira\documents\project_2\xmlparser\debug\rules.sbr
c:\users\isira\documents\project_2\xmlparser\debug\actions.sbr
c:\users\isira\documents\project_2\xmlparser\debug\xmlelement.sbr
c:\users\isira\documents\project_2\xmlparser\debug\xmlelementparts.sbr
c:\users\isira\documents\project_2\xmlparser\debug\tokenizer.sbr
c:\users\isira\documents\project_2\xmlparser\debug\repository.sbr
c:\users\isira\documents\project_2\xmlparser\debug\repository.obj
c:\users\isira\documents\project_2\xmlparser\debug\tokenizer.obj
c:\users\isira\documents\project_2\xmlparser\debug\xmlelementparts.obj
c:\users\isira\documents\project_2\xmlparser\debug\xmlelement.obj
c:\users\isira\documents\project_2\xmlparser\debug\actions.obj
c:\users\isira\documents\project_2\xmlparser\debug\rules.obj
c:\users\isira\documents\project_2\xmlparser\debug\xmlparser.obj
c:\users\isira\documents\project_2\debug\xmlparser.ilk
c:\users\isira\documents\project_2\debug\xmlparser.exe
c:\users\isira\documents\project_2\debug\xmlparser.pdb
c:\users\isira\documents\project_2\xmlparser\debug\xmlparser.tlog\bscmake.command.1.tlog
c:\users\isira\documents\project_2\xmlparser\debug\xmlparser.tlog\bscmake.read.1.tlog
c:\users\isira\documents\project_2\xmlparser\debug\xmlparser.tlog\bscmake.write.1.tlog
c:\users\isira\documents\project_2\xmlparser\debug\xmlparser.tlog\cl.command.1.tlog
c:\users\isira\documents\project_2\xmlparser\debug\xmlparser.tlog\cl.read.1.tlog
c:\users\isira\documents\project_2\xmlparser\debug\xmlparser.tlog\cl.write.1.tlog
c:\users\isira\documents\project_2\xmlparser\debug\xmlparser.tlog\link.command.1.tlog
c:\users\isira\documents\project_2\xmlparser\debug\xmlparser.tlog\link.read.1.tlog
c:\users\isira\documents\project_2\xmlparser\debug\xmlparser.tlog\link.write.1.tlog
