c:\users\isira\documents\project_2\abstractxmlelementvisitor\debug\vc120.pdb
c:\users\isira\documents\project_2\abstractxmlelementvisitor\debug\vc120.idb
c:\users\isira\documents\project_2\abstractxmlelementvisitor\debug\repository.obj
c:\users\isira\documents\project_2\abstractxmlelementvisitor\debug\xmldocument.obj
c:\users\isira\documents\project_2\abstractxmlelementvisitor\debug\tokenizer.obj
c:\users\isira\documents\project_2\abstractxmlelementvisitor\debug\xmlelementparts.obj
c:\users\isira\documents\project_2\abstractxmlelementvisitor\debug\xmlelement.obj
c:\users\isira\documents\project_2\abstractxmlelementvisitor\debug\actions.obj
c:\users\isira\documents\project_2\abstractxmlelementvisitor\debug\rules.obj
c:\users\isira\documents\project_2\abstractxmlelementvisitor\debug\xmlparser.obj
c:\users\isira\documents\project_2\abstractxmlelementvisitor\debug\visitors.obj
c:\users\isira\documents\project_2\debug\abstractxmlelementvisitor.ilk
c:\users\isira\documents\project_2\debug\abstractxmlelementvisitor.exe
c:\users\isira\documents\project_2\debug\abstractxmlelementvisitor.pdb
c:\users\isira\documents\project_2\abstractxmlelementvisitor\debug\abstract.202f8580.tlog\cl.command.1.tlog
c:\users\isira\documents\project_2\abstractxmlelementvisitor\debug\abstract.202f8580.tlog\cl.read.1.tlog
c:\users\isira\documents\project_2\abstractxmlelementvisitor\debug\abstract.202f8580.tlog\cl.write.1.tlog
c:\users\isira\documents\project_2\abstractxmlelementvisitor\debug\abstract.202f8580.tlog\link.command.1.tlog
c:\users\isira\documents\project_2\abstractxmlelementvisitor\debug\abstract.202f8580.tlog\link.read.1.tlog
c:\users\isira\documents\project_2\abstractxmlelementvisitor\debug\abstract.202f8580.tlog\link.write.1.tlog
