  Visitors.cpp
c:\program files (x86)\microsoft visual studio 12.0\vc\include\xmemory0(600): error C2440: 'initializing' : cannot convert from 'std::shared_ptr<XmlProcessing::AbstractXmlElement>' to 'XmlProcessing::AbstractXmlElement *'
          No user-defined-conversion operator available that can perform this conversion, or the operator cannot be called
          c:\program files (x86)\microsoft visual studio 12.0\vc\include\xmemory0(723) : see reference to function template instantiation 'void std::allocator<_Ty>::construct<_Objty,std::shared_ptr<XmlProcessing::AbstractXmlElement>&>(_Objty *,std::shared_ptr<XmlProcessing::AbstractXmlElement> &)' being compiled
          with
          [
              _Ty=XmlProcessing::AbstractXmlElement *
  ,            _Objty=XmlProcessing::AbstractXmlElement *
          ]
          c:\program files (x86)\microsoft visual studio 12.0\vc\include\xmemory0(723) : see reference to function template instantiation 'void std::allocator<_Ty>::construct<_Objty,std::shared_ptr<XmlProcessing::AbstractXmlElement>&>(_Objty *,std::shared_ptr<XmlProcessing::AbstractXmlElement> &)' being compiled
          with
          [
              _Ty=XmlProcessing::AbstractXmlElement *
  ,            _Objty=XmlProcessing::AbstractXmlElement *
          ]
          c:\program files (x86)\microsoft visual studio 12.0\vc\include\xmemory0(872) : see reference to function template instantiation 'void std::allocator_traits<_Alloc>::construct<_Ty,std::shared_ptr<XmlProcessing::AbstractXmlElement>&>(std::allocator<_Ty> &,_Objty *,std::shared_ptr<XmlProcessing::AbstractXmlElement> &)' being compiled
          with
          [
              _Alloc=std::allocator<XmlProcessing::AbstractXmlElement *>
  ,            _Ty=XmlProcessing::AbstractXmlElement *
  ,            _Objty=XmlProcessing::AbstractXmlElement *
          ]
          c:\program files (x86)\microsoft visual studio 12.0\vc\include\xmemory0(872) : see reference to function template instantiation 'void std::allocator_traits<_Alloc>::construct<_Ty,std::shared_ptr<XmlProcessing::AbstractXmlElement>&>(std::allocator<_Ty> &,_Objty *,std::shared_ptr<XmlProcessing::AbstractXmlElement> &)' being compiled
          with
          [
              _Alloc=std::allocator<XmlProcessing::AbstractXmlElement *>
  ,            _Ty=XmlProcessing::AbstractXmlElement *
  ,            _Objty=XmlProcessing::AbstractXmlElement *
          ]
          c:\program files (x86)\microsoft visual studio 12.0\vc\include\xmemory(378) : see reference to function template instantiation 'void std::_Wrap_alloc<std::allocator<_Ty>>::construct<XmlProcessing::AbstractXmlElement*,std::shared_ptr<XmlProcessing::AbstractXmlElement>&>(_Ty *,std::shared_ptr<XmlProcessing::AbstractXmlElement> &)' being compiled
          with
          [
              _Ty=XmlProcessing::AbstractXmlElement *
          ]
          c:\program files (x86)\microsoft visual studio 12.0\vc\include\xmemory(378) : see reference to function template instantiation 'void std::_Wrap_alloc<std::allocator<_Ty>>::construct<XmlProcessing::AbstractXmlElement*,std::shared_ptr<XmlProcessing::AbstractXmlElement>&>(_Ty *,std::shared_ptr<XmlProcessing::AbstractXmlElement> &)' being compiled
          with
          [
              _Ty=XmlProcessing::AbstractXmlElement *
          ]
          c:\program files (x86)\microsoft visual studio 12.0\vc\include\xmemory(416) : see reference to function template instantiation '_FwdIt std::_Uninit_copy<_InIt,_FwdIt,std::allocator<_Ty>>(_InIt,_InIt,_FwdIt,std::_Wrap_alloc<std::allocator<_Ty>> &,std::_Nonscalar_ptr_iterator_tag)' being compiled
          with
          [
              _FwdIt=XmlProcessing::AbstractXmlElement **
  ,            _InIt=std::shared_ptr<XmlProcessing::AbstractXmlElement> *
  ,            _Ty=XmlProcessing::AbstractXmlElement *
          ]
          c:\program files (x86)\microsoft visual studio 12.0\vc\include\xmemory(427) : see reference to function template instantiation '_FwdIt std::_Uninit_copy<std::shared_ptr<XmlProcessing::AbstractXmlElement>*,_Iter,_Alloc>(_InIt,_InIt,_FwdIt,_Alloc &)' being compiled
          with
          [
              _FwdIt=XmlProcessing::AbstractXmlElement **
  ,            _Iter=XmlProcessing::AbstractXmlElement **
  ,            _Alloc=std::_Wrap_alloc<std::allocator<XmlProcessing::AbstractXmlElement *>>
  ,            _InIt=std::shared_ptr<XmlProcessing::AbstractXmlElement> *
          ]
          c:\program files (x86)\microsoft visual studio 12.0\vc\include\vector(1640) : see reference to function template instantiation '_FwdIt std::_Uninitialized_copy<_Iter,XmlProcessing::AbstractXmlElement**,std::_Wrap_alloc<std::allocator<_Ty>>>(_InIt,_InIt,_FwdIt,_Alloc &)' being compiled
          with
          [
              _FwdIt=XmlProcessing::AbstractXmlElement **
  ,            _Iter=std::_Vector_iterator<std::_Vector_val<std::_Simple_types<std::shared_ptr<XmlProcessing::AbstractXmlElement>>>>
  ,            _Ty=XmlProcessing::AbstractXmlElement *
  ,            _InIt=std::_Vector_iterator<std::_Vector_val<std::_Simple_types<std::shared_ptr<XmlProcessing::AbstractXmlElement>>>>
  ,            _Alloc=std::_Wrap_alloc<std::allocator<XmlProcessing::AbstractXmlElement *>>
          ]
          c:\program files (x86)\microsoft visual studio 12.0\vc\include\vector(1404) : see reference to function template instantiation 'XmlProcessing::AbstractXmlElement **std::vector<XmlProcessing::AbstractXmlElement *,std::allocator<_Ty>>::_Ucopy<_Iter>(_Iter,_Iter,XmlProcessing::AbstractXmlElement **)' being compiled
          with
          [
              _Ty=XmlProcessing::AbstractXmlElement *
  ,            _Iter=std::_Vector_iterator<std::_Vector_val<std::_Simple_types<std::shared_ptr<XmlProcessing::AbstractXmlElement>>>>
          ]
          c:\program files (x86)\microsoft visual studio 12.0\vc\include\vector(1404) : see reference to function template instantiation 'XmlProcessing::AbstractXmlElement **std::vector<XmlProcessing::AbstractXmlElement *,std::allocator<_Ty>>::_Ucopy<_Iter>(_Iter,_Iter,XmlProcessing::AbstractXmlElement **)' being compiled
          with
          [
              _Ty=XmlProcessing::AbstractXmlElement *
  ,            _Iter=std::_Vector_iterator<std::_Vector_val<std::_Simple_types<std::shared_ptr<XmlProcessing::AbstractXmlElement>>>>
          ]
          c:\program files (x86)\microsoft visual studio 12.0\vc\include\vector(1343) : see reference to function template instantiation 'void std::vector<XmlProcessing::AbstractXmlElement *,std::allocator<_Ty>>::_Insert<_Iter>(std::_Vector_const_iterator<std::_Vector_val<std::_Simple_types<XmlProcessing::AbstractXmlElement *>>>,_Iter,_Iter,std::forward_iterator_tag)' being compiled
          with
          [
              _Ty=XmlProcessing::AbstractXmlElement *
  ,            _Iter=std::_Vector_iterator<std::_Vector_val<std::_Simple_types<std::shared_ptr<XmlProcessing::AbstractXmlElement>>>>
          ]
          c:\program files (x86)\microsoft visual studio 12.0\vc\include\vector(1343) : see reference to function template instantiation 'void std::vector<XmlProcessing::AbstractXmlElement *,std::allocator<_Ty>>::_Insert<_Iter>(std::_Vector_const_iterator<std::_Vector_val<std::_Simple_types<XmlProcessing::AbstractXmlElement *>>>,_Iter,_Iter,std::forward_iterator_tag)' being compiled
          with
          [
              _Ty=XmlProcessing::AbstractXmlElement *
  ,            _Iter=std::_Vector_iterator<std::_Vector_val<std::_Simple_types<std::shared_ptr<XmlProcessing::AbstractXmlElement>>>>
          ]
          c:\users\isira\documents\project_2\abstractxmlelementvisitor\visitors.cpp(207) : see reference to function template instantiation 'std::_Vector_iterator<std::_Vector_val<std::_Simple_types<XmlProcessing::AbstractXmlElement *>>> std::vector<XmlProcessing::AbstractXmlElement *,std::allocator<_Ty>>::insert<std::_Vector_iterator<std::_Vector_val<std::_Simple_types<std::shared_ptr<XmlProcessing::AbstractXmlElement>>>>>(std::_Vector_const_iterator<std::_Vector_val<std::_Simple_types<XmlProcessing::AbstractXmlElement *>>>,_Iter,_Iter)' being compiled
          with
          [
              _Ty=XmlProcessing::AbstractXmlElement *
  ,            _Iter=std::_Vector_iterator<std::_Vector_val<std::_Simple_types<std::shared_ptr<XmlProcessing::AbstractXmlElement>>>>
          ]
          c:\users\isira\documents\project_2\abstractxmlelementvisitor\visitors.cpp(207) : see reference to function template instantiation 'std::_Vector_iterator<std::_Vector_val<std::_Simple_types<XmlProcessing::AbstractXmlElement *>>> std::vector<XmlProcessing::AbstractXmlElement *,std::allocator<_Ty>>::insert<std::_Vector_iterator<std::_Vector_val<std::_Simple_types<std::shared_ptr<XmlProcessing::AbstractXmlElement>>>>>(std::_Vector_const_iterator<std::_Vector_val<std::_Simple_types<XmlProcessing::AbstractXmlElement *>>>,_Iter,_Iter)' being compiled
          with
          [
              _Ty=XmlProcessing::AbstractXmlElement *
  ,            _Iter=std::_Vector_iterator<std::_Vector_val<std::_Simple_types<std::shared_ptr<XmlProcessing::AbstractXmlElement>>>>
          ]
  XmlDocument.cpp
  Generating Code...
  Compiling...
  XmlParser.cpp
  Rules.cpp
  Actions.cpp
  XmlElement.cpp
  Repository.cpp
  Generating Code...
