c:\users\isira\documents\project_2\debug\xmlelementparts.bsc
c:\users\isira\documents\project_2\xmlelementparts\debug\vc120.pdb
c:\users\isira\documents\project_2\xmlelementparts\debug\vc120.idb
c:\users\isira\documents\project_2\xmlelementparts\debug\xmlelementparts.sbr
c:\users\isira\documents\project_2\xmlelementparts\debug\tokenizer.sbr
c:\users\isira\documents\project_2\xmlelementparts\debug\tokenizer.obj
c:\users\isira\documents\project_2\xmlelementparts\debug\xmlelementparts.obj
c:\users\isira\documents\project_2\debug\xmlelementparts.ilk
c:\users\isira\documents\project_2\debug\xmlelementparts.exe
c:\users\isira\documents\project_2\debug\xmlelementparts.pdb
c:\users\isira\documents\repository\xmldocument\xmlelementparts\debug\tokenizer.obj
c:\users\isira\documents\repository\xmldocument\xmlelementparts\debug\xmlelementparts.obj
c:\users\isira\documents\repository\xmldocument\xmlelementparts\debug\vc120.idb
c:\users\isira\documents\repository\xmldocument\xmlelementparts\debug\vc120.pdb
c:\users\isira\documents\repository\xmldocument\xmlelementparts\debug\tokenizer.sbr
c:\users\isira\documents\repository\xmldocument\xmlelementparts\debug\xmlelementparts.sbr
c:\users\isira\documents\repository\xmldocument\debug\xmlelementparts.pdb
c:\users\isira\documents\repository\xmldocument\debug\xmlelementparts.exe
c:\users\isira\documents\repository\xmldocument\debug\xmlelementparts.bsc
c:\users\isira\documents\repository\xmldocument\debug\xmlelementparts.ilk
c:\users\isira\documents\repository\xmldocument\xmlelementparts\debug\xmlelementparts.tlog\bscmake.command.1.tlog
c:\users\isira\documents\repository\xmldocument\xmlelementparts\debug\xmlelementparts.tlog\bscmake.read.1.tlog
c:\users\isira\documents\repository\xmldocument\xmlelementparts\debug\xmlelementparts.tlog\bscmake.write.1.tlog
c:\users\isira\documents\repository\xmldocument\xmlelementparts\debug\xmlelementparts.tlog\cl.command.1.tlog
c:\users\isira\documents\repository\xmldocument\xmlelementparts\debug\xmlelementparts.tlog\cl.read.1.tlog
c:\users\isira\documents\repository\xmldocument\xmlelementparts\debug\xmlelementparts.tlog\cl.write.1.tlog
c:\users\isira\documents\repository\xmldocument\xmlelementparts\debug\xmlelementparts.tlog\link.command.1.tlog
c:\users\isira\documents\repository\xmldocument\xmlelementparts\debug\xmlelementparts.tlog\link.read.1.tlog
c:\users\isira\documents\repository\xmldocument\xmlelementparts\debug\xmlelementparts.tlog\link.write.1.tlog
